<?xml version="1.0" encoding="UTF-8"?>
<!-- Generated by org.testng.reporters.JUnitXMLReporter -->
<testsuite ignored="0" hostname="LAPTOP-4NDL71QT" failures="3" tests="5" name="loginTest" time="56.52" errors="0" timestamp="12 Oct 2022 03:44:31 GMT">
  <testcase classname="com.bikkadit.ebam.testCases.TC_loginTest_002" name="loginDDT" time="12.168"/>
  <testcase classname="com.bikkadit.ebam.testCases.TC_loginTest_002" name="loginDDT" time="6.009">
    <failure type="java.lang.AssertionError" message="expected [true] but found [false]">
      <![CDATA[java.lang.AssertionError: expected [true] but found [false]
at com.bikkadit.ebam.testCases.TC_loginTest_002.loginDDT(TC_loginTest_002.java:31)
... Removed 29 stack frames]]>
    </failure>
  </testcase> <!-- loginDDT -->
  <testcase classname="com.bikkadit.ebam.testCases.TC_loginTest_002" name="loginDDT" time="9.302">
    <failure type="java.lang.AssertionError" message="expected [true] but found [false]">
      <![CDATA[java.lang.AssertionError: expected [true] but found [false]
at com.bikkadit.ebam.testCases.TC_loginTest_002.loginDDT(TC_loginTest_002.java:31)
... Removed 29 stack frames]]>
    </failure>
  </testcase> <!-- loginDDT -->
  <testcase classname="com.bikkadit.ebam.testCases.TC_loginTest_002" name="loginDDT" time="6.448">
    <failure type="java.lang.AssertionError" message="expected [true] but found [false]">
      <![CDATA[java.lang.AssertionError: expected [true] but found [false]
at com.bikkadit.ebam.testCases.TC_loginTest_002.loginDDT(TC_loginTest_002.java:31)
... Removed 29 stack frames]]>
    </failure>
  </testcase> <!-- loginDDT -->
  <testcase classname="com.bikkadit.ebam.testCases.TC_loginTest_002" name="loginDDT" time="12.695"/>
</testsuite> <!-- loginTest -->
